<?xml version="1.0" encoding="UTF-8"?>
<coverage generated="1563841531807" clover="3.2.0">
  <project timestamp="1563841531807" name="All files">
    <metrics statements="24" coveredstatements="13" conditionals="8" coveredconditionals="6" methods="15" coveredmethods="9" elements="47" coveredelements="28" complexity="0" loc="24" ncloc="24" packages="1" files="1" classes="1"/>
    <file name="array-list.ts" path="/home/trevor/dev/projects/orgs/jsdsl/array-list/ts/array-list.ts">
      <metrics statements="24" coveredstatements="13" conditionals="8" coveredconditionals="6" methods="15" coveredmethods="9"/>
      <line num="7" count="2" type="stmt"/>
      <line num="8" count="1" type="stmt"/>
      <line num="17" count="1" type="stmt"/>
      <line num="31" count="13" type="stmt"/>
      <line num="44" count="35" type="stmt"/>
      <line num="56" count="19" type="cond" truecount="4" falsecount="0"/>
      <line num="57" count="17" type="stmt"/>
      <line num="64" count="0" type="stmt"/>
      <line num="71" count="0" type="stmt"/>
      <line num="78" count="0" type="stmt"/>
      <line num="80" count="0" type="stmt"/>
      <line num="83" count="0" type="stmt"/>
      <line num="85" count="0" type="stmt"/>
      <line num="86" count="0" type="stmt"/>
      <line num="87" count="0" type="stmt"/>
      <line num="98" count="47" type="stmt"/>
      <line num="105" count="0" type="stmt"/>
      <line num="112" count="0" type="stmt"/>
      <line num="119" count="3" type="stmt"/>
      <line num="127" count="3" type="stmt"/>
      <line num="136" count="28" type="stmt"/>
      <line num="142" count="17" type="cond" truecount="2" falsecount="0"/>
      <line num="154" count="0" type="stmt"/>
      <line num="161" count="5" type="stmt"/>
    </file>
  </project>
</coverage>
