{"/home/trevor/dev/projects/orgs/jsdsl/array-list/ts/array-list.ts": {"path":"/home/trevor/dev/projects/orgs/jsdsl/array-list/ts/array-list.ts","statementMap":{"0":{"start":{"line":7,"column":0},"end":{"line":7,"column":null}},"1":{"start":{"line":8,"column":0},"end":{"line":8,"column":null}},"2":{"start":{"line":31,"column":2},"end":{"line":33,"column":null}},"3":{"start":{"line":44,"column":2},"end":{"line":44,"column":null}},"4":{"start":{"line":56,"column":2},"end":{"line":56,"column":null}},"5":{"start":{"line":56,"column":45},"end":{"line":56,"column":null}},"6":{"start":{"line":57,"column":7},"end":{"line":57,"column":null}},"7":{"start":{"line":64,"column":2},"end":{"line":64,"column":null}},"8":{"start":{"line":64,"column":33},"end":{"line":64,"column":null}},"9":{"start":{"line":71,"column":2},"end":{"line":71,"column":null}},"10":{"start":{"line":78,"column":2},"end":{"line":87,"column":null}},"11":{"start":{"line":78,"column":27},"end":{"line":78,"column":30}},"12":{"start":{"line":80,"column":23},"end":{"line":80,"column":null}},"13":{"start":{"line":83,"column":3},"end":{"line":87,"column":null}},"14":{"start":{"line":85,"column":25},"end":{"line":85,"column":null}},"15":{"start":{"line":86,"column":21},"end":{"line":86,"column":null}},"16":{"start":{"line":87,"column":4},"end":{"line":87,"column":null}},"17":{"start":{"line":98,"column":2},"end":{"line":98,"column":null}},"18":{"start":{"line":105,"column":2},"end":{"line":105,"column":null}},"19":{"start":{"line":112,"column":2},"end":{"line":112,"column":null}},"20":{"start":{"line":119,"column":2},"end":{"line":147,"column":null}},"21":{"start":{"line":127,"column":4},"end":{"line":130,"column":null}},"22":{"start":{"line":136,"column":4},"end":{"line":136,"column":null}},"23":{"start":{"line":142,"column":4},"end":{"line":143,"column":null}},"24":{"start":{"line":154,"column":2},"end":{"line":154,"column":null}},"25":{"start":{"line":161,"column":2},"end":{"line":161,"column":null}},"26":{"start":{"line":17,"column":0},"end":{"line":17,"column":13}}},"fnMap":{"0":{"name":"(anonymous_0)","decl":{"start":{"line":29,"column":1},"end":{"line":29,"column":23}},"loc":{"start":{"line":29,"column":23},"end":{"line":33,"column":null}}},"1":{"name":"(anonymous_1)","decl":{"start":{"line":42,"column":8},"end":{"line":42,"column":12}},"loc":{"start":{"line":42,"column":12},"end":{"line":44,"column":null}}},"2":{"name":"(anonymous_2)","decl":{"start":{"line":54,"column":8},"end":{"line":54,"column":12}},"loc":{"start":{"line":54,"column":12},"end":{"line":57,"column":null}}},"3":{"name":"(anonymous_3)","decl":{"start":{"line":62,"column":8},"end":{"line":62,"column":15}},"loc":{"start":{"line":62,"column":15},"end":{"line":64,"column":null}}},"4":{"name":"(anonymous_4)","decl":{"start":{"line":69,"column":8},"end":{"line":69,"column":20}},"loc":{"start":{"line":69,"column":20},"end":{"line":71,"column":null}}},"5":{"name":"(anonymous_5)","decl":{"start":{"line":76,"column":8},"end":{"line":76,"column":16}},"loc":{"start":{"line":76,"column":37},"end":{"line":87,"column":null}}},"6":{"name":"(anonymous_6)","decl":{"start":{"line":96,"column":8},"end":{"line":96,"column":null}},"loc":{"start":{"line":96,"column":8},"end":{"line":98,"column":null}}},"7":{"name":"(anonymous_7)","decl":{"start":{"line":103,"column":8},"end":{"line":103,"column":17}},"loc":{"start":{"line":103,"column":17},"end":{"line":105,"column":null}}},"8":{"name":"(anonymous_8)","decl":{"start":{"line":110,"column":8},"end":{"line":110,"column":null}},"loc":{"start":{"line":110,"column":8},"end":{"line":112,"column":null}}},"9":{"name":"(anonymous_9)","decl":{"start":{"line":117,"column":8},"end":{"line":117,"column":null}},"loc":{"start":{"line":117,"column":8},"end":{"line":147,"column":null}}},"10":{"name":"(anonymous_10)","decl":{"start":{"line":125,"column":3},"end":{"line":125,"column":22}},"loc":{"start":{"line":125,"column":22},"end":{"line":130,"column":null}}},"11":{"name":"(anonymous_11)","decl":{"start":{"line":134,"column":10},"end":{"line":134,"column":null}},"loc":{"start":{"line":134,"column":10},"end":{"line":136,"column":null}}},"12":{"name":"(anonymous_12)","decl":{"start":{"line":140,"column":10},"end":{"line":140,"column":null}},"loc":{"start":{"line":140,"column":10},"end":{"line":143,"column":null}}},"13":{"name":"(anonymous_13)","decl":{"start":{"line":152,"column":8},"end":{"line":152,"column":16}},"loc":{"start":{"line":152,"column":50},"end":{"line":154,"column":null}}},"14":{"name":"(anonymous_14)","decl":{"start":{"line":159,"column":8},"end":{"line":159,"column":null}},"loc":{"start":{"line":159,"column":8},"end":{"line":161,"column":null}}}},"branchMap":{"0":{"loc":{"start":{"line":56,"column":2},"end":{"line":56,"column":null}},"type":"if","locations":[{"start":{"line":56,"column":2},"end":{"line":56,"column":null}},{"start":{"line":56,"column":2},"end":{"line":56,"column":null}}]},"1":{"loc":{"start":{"line":56,"column":7},"end":{"line":56,"column":33}},"type":"binary-expr","locations":[{"start":{"line":56,"column":7},"end":{"line":56,"column":33}},{"start":{"line":56,"column":33},"end":{"line":56,"column":45}}]},"2":{"loc":{"start":{"line":76,"column":37},"end":{"line":76,"column":null}},"type":"default-arg","locations":[{"start":{"line":76,"column":37},"end":{"line":76,"column":null}}]},"3":{"loc":{"start":{"line":142,"column":31},"end":{"line":142,"column":null}},"type":"cond-expr","locations":[{"start":{"line":142,"column":31},"end":{"line":142,"column":null}},{"start":{"line":142,"column":55},"end":{"line":143,"column":null}}]},"4":{"loc":{"start":{"line":152,"column":45},"end":{"line":152,"column":null}},"type":"default-arg","locations":[{"start":{"line":152,"column":45},"end":{"line":152,"column":null}}]}},"s":{"0":2,"1":1,"2":13,"3":35,"4":19,"5":2,"6":17,"7":0,"8":0,"9":0,"10":0,"11":0,"12":0,"13":0,"14":0,"15":0,"16":0,"17":47,"18":0,"19":0,"20":3,"21":3,"22":28,"23":17,"24":0,"25":5,"26":1},"f":{"0":13,"1":35,"2":19,"3":0,"4":0,"5":0,"6":47,"7":0,"8":0,"9":3,"10":3,"11":28,"12":17,"13":0,"14":5},"b":{"0":[2,17],"1":[19,18],"2":[0],"3":[14,3],"4":[0]}}
}
