TN:
SF:/home/trevor/dev/projects/orgs/jsdsl/array-list/ts/array-list.ts
FN:29,(anonymous_0)
FN:42,(anonymous_1)
FN:54,(anonymous_2)
FN:62,(anonymous_3)
FN:69,(anonymous_4)
FN:76,(anonymous_5)
FN:96,(anonymous_6)
FN:103,(anonymous_7)
FN:110,(anonymous_8)
FN:117,(anonymous_9)
FN:125,(anonymous_10)
FN:134,(anonymous_11)
FN:140,(anonymous_12)
FN:152,(anonymous_13)
FN:159,(anonymous_14)
FNF:15
FNH:9
FNDA:13,(anonymous_0)
FNDA:35,(anonymous_1)
FNDA:19,(anonymous_2)
FNDA:0,(anonymous_3)
FNDA:0,(anonymous_4)
FNDA:0,(anonymous_5)
FNDA:47,(anonymous_6)
FNDA:0,(anonymous_7)
FNDA:0,(anonymous_8)
FNDA:3,(anonymous_9)
FNDA:3,(anonymous_10)
FNDA:28,(anonymous_11)
FNDA:17,(anonymous_12)
FNDA:0,(anonymous_13)
FNDA:5,(anonymous_14)
DA:7,2
DA:8,1
DA:17,1
DA:31,13
DA:44,35
DA:56,19
DA:57,17
DA:64,0
DA:71,0
DA:78,0
DA:80,0
DA:83,0
DA:85,0
DA:86,0
DA:87,0
DA:98,47
DA:105,0
DA:112,0
DA:119,3
DA:127,3
DA:136,28
DA:142,17
DA:154,0
DA:161,5
LF:24
LH:13
BRDA:56,0,0,2
BRDA:56,0,1,17
BRDA:56,1,0,19
BRDA:56,1,1,18
BRDA:76,2,0,0
BRDA:142,3,0,14
BRDA:142,3,1,3
BRDA:152,4,0,0
BRF:8
BRH:6
end_of_record
